<?xml version="1.0" encoding="UTF-8"?>
<testsuite xmlns:xsi="http://www.w3.org/2001/XMLSchema-instance" xsi:noNamespaceSchemaLocation="https://maven.apache.org/surefire/maven-surefire-plugin/xsd/surefire-test-report-3.0.xsd" version="3.0" name="com.yefri.latihan1.Latihan1ApplicationTests" time="11.016" tests="1" errors="0" skipped="0" failures="0">
  <properties>
[...]
</properties>
  <testcase name="contextLoads" classname="com.yefri.latihan1.Latihan1ApplicationTests" time="2.281">
    <system-out><![CDATA[15:05:11.053 [main] INFO org.springframework.test.context.support.AnnotationConfigContextLoaderUtils -- Could not detect default configuration classes for test class [com.yefri.latihan1.Latihan1ApplicationTests]: Latihan1ApplicationTests does not declare any static, non-private, non-final, nested classes annotated with @Configuration.
15:05:11.802 [main] INFO org.springframework.boot.test.context.SpringBootTestContextBootstrapper -- Found @SpringBootConfiguration com.yefri.latihan1.Latihan1Application for test class com.yefri.latihan1.Latihan1ApplicationTests

  .   ____          _            __ _ _
 /\\ / ___'_ __ _ _(_)_ __  __ _ \ \ \ \
( ( )\___ | '_ | '_| | '_ \/ _` | \ \ \ \
 \\/  ___)| |_)| | | | | || (_| |  ) ) ) )
  '  |____| .__|_| |_|_| |_\__, | / / / /
 =========|_|==============|___/=/_/_/_/
 :: Spring Boot ::                (v3.1.5)

2023-12-06T15:05:14.070+07:00  INFO 12240 --- [           main] c.y.latihan1.Latihan1ApplicationTests    : Starting Latihan1ApplicationTests using Java 17 with PID 12240 (started by Admin in D:\TUGASSSSS\Semester 5\Sistem Terdistribusi\pratek\latihan1)
2023-12-06T15:05:14.070+07:00  INFO 12240 --- [           main] c.y.latihan1.Latihan1ApplicationTests    : No active profile set, falling back to 1 default profile: "default"
2023-12-06T15:05:18.616+07:00  INFO 12240 --- [           main] c.y.latihan1.Latihan1ApplicationTests    : Started Latihan1ApplicationTests in 6.048 seconds (process running for 10.713)
]]></system-out>
  </testcase>
</testsuite>